INFO 2023-10-16 14:17:59,964 django.utils.autoreload MainThread 21296 autoreload autoreload.py 668 django.utils.autoreload run_with_reloader 4736 Watching for file changes with StatReloader
INFO 2023-10-16 14:18:20,551 django.utils.autoreload MainThread 21296 autoreload autoreload.py 266 django.utils.autoreload trigger_reload 4736 C:\Users\aky\AppData\Local\Programs\Python\Python38\course-u\course_u\settings.py changed, reloading.
INFO 2023-10-16 14:18:23,433 django.utils.autoreload MainThread 3700 autoreload autoreload.py 668 django.utils.autoreload run_with_reloader 18632 Watching for file changes with StatReloader
INFO 2023-10-16 14:18:40,316 django.server Thread-1 19344 basehttp basehttp.py 212 django.server log_message 18632 "GET /login_user/ HTTP/1.1" 200 11354
INFO 2023-10-16 14:18:40,512 django.server Thread-1 19344 basehttp basehttp.py 212 django.server log_message 18632 "GET /static/css/forgot.css HTTP/1.1" 200 1386
INFO 2023-10-16 14:18:40,553 django.server Thread-2 4956 basehttp basehttp.py 212 django.server log_message 18632 "GET /static/css/test.css HTTP/1.1" 304 0
INFO 2023-10-16 14:18:40,618 django.server Thread-3 19908 basehttp basehttp.py 212 django.server log_message 18632 "GET /static/css/login.css HTTP/1.1" 200 1696
INFO 2023-10-16 14:18:40,639 django.server Thread-4 22828 basehttp basehttp.py 212 django.server log_message 18632 "GET /static/images/login.jpg HTTP/1.1" 200 166925
WARNING 2023-10-16 14:18:42,018 django.request Thread-4 22828 log log.py 241 django.request log_response 18632 Not Found: /favicon.ico
WARNING 2023-10-16 14:18:42,029 django.server Thread-4 22828 basehttp basehttp.py 212 django.server log_message 18632 "GET /favicon.ico HTTP/1.1" 404 17077
WARNING 2023-10-16 14:18:42,177 django.request Thread-3 19908 log log.py 241 django.request log_response 18632 Not Found: /favicon.ico
WARNING 2023-10-16 14:18:42,179 django.server Thread-3 19908 basehttp basehttp.py 212 django.server log_message 18632 "GET /favicon.ico HTTP/1.1" 404 17077
WARNING 2023-10-16 14:18:42,969 django.request Thread-5 11032 log log.py 241 django.request log_response 18632 Not Found: /favicon.ico
WARNING 2023-10-16 14:18:42,971 django.server Thread-5 11032 basehttp basehttp.py 212 django.server log_message 18632 "GET /favicon.ico HTTP/1.1" 404 17076
INFO 2023-10-16 14:18:48,724 django.server Thread-5 11032 basehttp basehttp.py 212 django.server log_message 18632 "POST /login_user/ HTTP/1.1" 302 0
INFO 2023-10-16 14:18:49,179 django.server Thread-5 11032 basehttp basehttp.py 212 django.server log_message 18632 "GET /home HTTP/1.1" 200 32178
INFO 2023-10-16 14:18:49,278 django.server Thread-5 11032 basehttp basehttp.py 212 django.server log_message 18632 "GET /static/css/home.css HTTP/1.1" 200 851
WARNING 2023-10-16 14:18:49,291 django.server Thread-6 8800 basehttp basehttp.py 212 django.server log_message 18632 "GET /static/css/test%20.css HTTP/1.1" 404 1800
WARNING 2023-10-16 14:18:49,807 django.request Thread-5 11032 log log.py 241 django.request log_response 18632 Not Found: /favicon.ico
WARNING 2023-10-16 14:18:49,809 django.server Thread-5 11032 basehttp basehttp.py 212 django.server log_message 18632 "GET /favicon.ico HTTP/1.1" 404 17076
WARNING 2023-10-16 14:18:50,802 django.request Thread-5 11032 log log.py 241 django.request log_response 18632 Not Found: /favicon.ico
WARNING 2023-10-16 14:18:50,804 django.server Thread-5 11032 basehttp basehttp.py 212 django.server log_message 18632 "GET /favicon.ico HTTP/1.1" 404 17076
INFO 2023-10-16 14:18:53,070 django.server Thread-7 492 basehttp basehttp.py 212 django.server log_message 18632 "GET /field/1/ HTTP/1.1" 200 2747
INFO 2023-10-16 14:18:53,296 django.server Thread-7 492 basehttp basehttp.py 212 django.server log_message 18632 "GET /__debug__/history_sidebar/?store_id=154f77eec2ba4dec93caa8144c1eddbd HTTP/1.1" 200 9090
INFO 2023-10-16 14:18:54,078 django.server Thread-7 492 basehttp basehttp.py 212 django.server log_message 18632 "GET /field/2/ HTTP/1.1" 200 1857
INFO 2023-10-16 14:18:54,309 django.server Thread-7 492 basehttp basehttp.py 212 django.server log_message 18632 "GET /__debug__/history_sidebar/?store_id=18379faa7e854bdab22eefb5dc16fc99 HTTP/1.1" 200 9090
INFO 2023-10-16 14:19:03,482 django.server Thread-8 15320 basehttp basehttp.py 212 django.server log_message 18632 "GET /admin_home/ HTTP/1.1" 200 19161
WARNING 2023-10-16 14:19:04,032 django.request Thread-8 15320 log log.py 241 django.request log_response 18632 Not Found: /favicon.ico
WARNING 2023-10-16 14:19:04,046 django.server Thread-8 15320 basehttp basehttp.py 212 django.server log_message 18632 "GET /favicon.ico HTTP/1.1" 404 17077
WARNING 2023-10-16 14:19:04,997 django.request Thread-8 15320 log log.py 241 django.request log_response 18632 Not Found: /favicon.ico
WARNING 2023-10-16 14:19:04,998 django.server Thread-8 15320 basehttp basehttp.py 212 django.server log_message 18632 "GET /favicon.ico HTTP/1.1" 404 17076
INFO 2023-10-16 14:19:06,383 django.server Thread-8 15320 basehttp basehttp.py 212 django.server log_message 18632 "GET /admin_home/ HTTP/1.1" 200 19161
WARNING 2023-10-16 14:19:06,921 django.request Thread-8 15320 log log.py 241 django.request log_response 18632 Not Found: /favicon.ico
WARNING 2023-10-16 14:19:06,923 django.server Thread-8 15320 basehttp basehttp.py 212 django.server log_message 18632 "GET /favicon.ico HTTP/1.1" 404 17077
WARNING 2023-10-16 14:19:07,875 django.request Thread-8 15320 log log.py 241 django.request log_response 18632 Not Found: /favicon.ico
WARNING 2023-10-16 14:19:07,876 django.server Thread-8 15320 basehttp basehttp.py 212 django.server log_message 18632 "GET /favicon.ico HTTP/1.1" 404 17076
INFO 2023-10-16 14:19:09,565 django.server Thread-8 15320 basehttp basehttp.py 212 django.server log_message 18632 "GET /admin_home/ HTTP/1.1" 200 19161
WARNING 2023-10-16 14:19:10,030 django.request Thread-8 15320 log log.py 241 django.request log_response 18632 Not Found: /favicon.ico
WARNING 2023-10-16 14:19:10,032 django.server Thread-8 15320 basehttp basehttp.py 212 django.server log_message 18632 "GET /favicon.ico HTTP/1.1" 404 17076
WARNING 2023-10-16 14:19:10,999 django.request Thread-8 15320 log log.py 241 django.request log_response 18632 Not Found: /favicon.ico
WARNING 2023-10-16 14:19:11,001 django.server Thread-8 15320 basehttp basehttp.py 212 django.server log_message 18632 "GET /favicon.ico HTTP/1.1" 404 17076
INFO 2023-10-16 14:19:11,823 django.server Thread-8 15320 basehttp basehttp.py 212 django.server log_message 18632 "GET /profile/ HTTP/1.1" 200 11814
WARNING 2023-10-16 14:19:12,302 django.request Thread-8 15320 log log.py 241 django.request log_response 18632 Not Found: /favicon.ico
WARNING 2023-10-16 14:19:12,303 django.server Thread-8 15320 basehttp basehttp.py 212 django.server log_message 18632 "GET /favicon.ico HTTP/1.1" 404 17077
WARNING 2023-10-16 14:19:13,312 django.request Thread-9 23164 log log.py 241 django.request log_response 18632 Not Found: /favicon.ico
WARNING 2023-10-16 14:19:13,314 django.server Thread-9 23164 basehttp basehttp.py 212 django.server log_message 18632 "GET /favicon.ico HTTP/1.1" 404 17076
INFO 2023-10-16 14:19:14,197 django.server Thread-9 23164 basehttp basehttp.py 212 django.server log_message 18632 "GET /home HTTP/1.1" 200 31882
WARNING 2023-10-16 14:19:14,284 django.server Thread-9 23164 basehttp basehttp.py 212 django.server log_message 18632 "GET /static/css/test%20.css HTTP/1.1" 404 1800
WARNING 2023-10-16 14:19:14,759 django.request Thread-10 15628 log log.py 241 django.request log_response 18632 Not Found: /favicon.ico
WARNING 2023-10-16 14:19:14,764 django.server Thread-10 15628 basehttp basehttp.py 212 django.server log_message 18632 "GET /favicon.ico HTTP/1.1" 404 17077
WARNING 2023-10-16 14:19:15,682 django.request Thread-10 15628 log log.py 241 django.request log_response 18632 Not Found: /favicon.ico
WARNING 2023-10-16 14:19:15,684 django.server Thread-10 15628 basehttp basehttp.py 212 django.server log_message 18632 "GET /favicon.ico HTTP/1.1" 404 17076
INFO 2023-10-16 14:19:15,832 django.server Thread-10 15628 basehttp basehttp.py 212 django.server log_message 18632 "GET /profile/ HTTP/1.1" 200 11814
WARNING 2023-10-16 14:19:16,313 django.request Thread-10 15628 log log.py 241 django.request log_response 18632 Not Found: /favicon.ico
WARNING 2023-10-16 14:19:16,314 django.server Thread-10 15628 basehttp basehttp.py 212 django.server log_message 18632 "GET /favicon.ico HTTP/1.1" 404 17077
WARNING 2023-10-16 14:19:17,308 django.request Thread-10 15628 log log.py 241 django.request log_response 18632 Not Found: /favicon.ico
WARNING 2023-10-16 14:19:17,310 django.server Thread-10 15628 basehttp basehttp.py 212 django.server log_message 18632 "GET /favicon.ico HTTP/1.1" 404 17076
INFO 2023-10-16 17:49:22,892 django.utils.autoreload MainThread 18040 autoreload autoreload.py 668 django.utils.autoreload run_with_reloader 20812 Watching for file changes with StatReloader
INFO 2023-10-16 17:51:00,086 django.utils.autoreload MainThread 18040 autoreload autoreload.py 266 django.utils.autoreload trigger_reload 20812 C:\Users\aky\AppData\Local\Programs\Python\Python38\course-u\course_u\settings.py changed, reloading.
INFO 2023-10-16 17:51:02,628 django.utils.autoreload MainThread 16116 autoreload autoreload.py 668 django.utils.autoreload run_with_reloader 8860 Watching for file changes with StatReloader
INFO 2023-10-16 17:51:38,237 django.utils.autoreload MainThread 16116 autoreload autoreload.py 266 django.utils.autoreload trigger_reload 8860 C:\Users\aky\AppData\Local\Programs\Python\Python38\course-u\course_u\settings.py changed, reloading.
INFO 2023-10-16 17:51:45,361 django.utils.autoreload MainThread 2344 autoreload autoreload.py 668 django.utils.autoreload run_with_reloader 14196 Watching for file changes with StatReloader
INFO 2023-10-16 17:52:42,499 django.utils.autoreload MainThread 2344 autoreload autoreload.py 266 django.utils.autoreload trigger_reload 14196 C:\Users\aky\AppData\Local\Programs\Python\Python38\course-u\course_u\settings.py changed, reloading.
INFO 2023-10-16 17:52:46,141 django.utils.autoreload MainThread 15260 autoreload autoreload.py 668 django.utils.autoreload run_with_reloader 19944 Watching for file changes with StatReloader
INFO 2023-10-16 17:53:17,412 django.utils.autoreload MainThread 15260 autoreload autoreload.py 266 django.utils.autoreload trigger_reload 19944 C:\Users\aky\AppData\Local\Programs\Python\Python38\course-u\course_u\settings.py changed, reloading.
INFO 2023-10-16 17:53:21,356 django.utils.autoreload MainThread 18420 autoreload autoreload.py 668 django.utils.autoreload run_with_reloader 7436 Watching for file changes with StatReloader
INFO 2023-10-16 17:53:58,500 django.utils.autoreload MainThread 18420 autoreload autoreload.py 266 django.utils.autoreload trigger_reload 7436 C:\Users\aky\AppData\Local\Programs\Python\Python38\course-u\course_u\settings.py changed, reloading.
INFO 2023-10-16 17:54:01,586 django.utils.autoreload MainThread 14396 autoreload autoreload.py 668 django.utils.autoreload run_with_reloader 14996 Watching for file changes with StatReloader
INFO 2023-10-16 17:54:46,889 django.utils.autoreload MainThread 14396 autoreload autoreload.py 266 django.utils.autoreload trigger_reload 14996 C:\Users\aky\AppData\Local\Programs\Python\Python38\course-u\website\views.py changed, reloading.
INFO 2023-10-16 17:54:53,116 django.utils.autoreload MainThread 1908 autoreload autoreload.py 668 django.utils.autoreload run_with_reloader 4652 Watching for file changes with StatReloader
INFO 2023-10-16 17:55:13,930 django.utils.autoreload MainThread 1908 autoreload autoreload.py 266 django.utils.autoreload trigger_reload 4652 C:\Users\aky\AppData\Local\Programs\Python\Python38\course-u\website\views.py changed, reloading.
INFO 2023-10-16 17:55:19,949 django.utils.autoreload MainThread 5656 autoreload autoreload.py 668 django.utils.autoreload run_with_reloader 21804 Watching for file changes with StatReloader
INFO 2023-10-16 17:55:50,641 django.utils.autoreload MainThread 5656 autoreload autoreload.py 266 django.utils.autoreload trigger_reload 21804 C:\Users\aky\AppData\Local\Programs\Python\Python38\course-u\website\views.py changed, reloading.
INFO 2023-10-16 17:55:53,161 django.utils.autoreload MainThread 7100 autoreload autoreload.py 668 django.utils.autoreload run_with_reloader 20568 Watching for file changes with StatReloader
INFO 2023-10-16 17:56:56,438 django.utils.autoreload MainThread 7100 autoreload autoreload.py 266 django.utils.autoreload trigger_reload 20568 C:\Users\aky\AppData\Local\Programs\Python\Python38\course-u\website\views.py changed, reloading.
INFO 2023-10-16 17:57:06,501 django.utils.autoreload MainThread 7708 autoreload autoreload.py 668 django.utils.autoreload run_with_reloader 8308 Watching for file changes with StatReloader
INFO 2023-10-16 17:58:22,544 django.utils.autoreload MainThread 7708 autoreload autoreload.py 266 django.utils.autoreload trigger_reload 8308 C:\Users\aky\AppData\Local\Programs\Python\Python38\course-u\website\views.py changed, reloading.
INFO 2023-10-16 17:58:24,845 django.utils.autoreload MainThread 9712 autoreload autoreload.py 668 django.utils.autoreload run_with_reloader 1620 Watching for file changes with StatReloader
INFO 2023-10-16 17:58:34,168 django Thread-1 10228 views views.py 34 django home 1620 User: aky is accessing home page
WARNING 2023-10-16 17:58:34,191 django Thread-1 10228 views views.py 35 django home 1620 User: aky is accessing home page
ERROR 2023-10-16 17:58:34,344 django Thread-1 10228 views views.py 36 django home 1620 User: aky is accessing home page
CRITICAL 2023-10-16 17:58:34,458 django Thread-1 10228 views views.py 37 django home 1620 User: aky is accessing home page
INFO 2023-10-16 17:58:34,797 django.server Thread-1 10228 basehttp basehttp.py 212 django.server log_message 1620 "GET /home HTTP/1.1" 200 31962
WARNING 2023-10-16 17:58:34,895 django.server Thread-1 10228 basehttp basehttp.py 212 django.server log_message 1620 "GET /static/css/test%20.css HTTP/1.1" 404 1800
INFO 2023-10-16 17:58:35,765 django.server Thread-2 17508 basehttp basehttp.py 212 django.server log_message 1620 "GET /static/images/favicon.png HTTP/1.1" 304 0
INFO 2023-10-16 19:16:03,594 django.utils.autoreload MainThread 20548 autoreload autoreload.py 668 django.utils.autoreload run_with_reloader 8624 Watching for file changes with StatReloader
INFO 2023-10-16 19:16:28,354 django.utils.autoreload MainThread 20548 autoreload autoreload.py 266 django.utils.autoreload trigger_reload 8624 C:\Users\aky\AppData\Local\Programs\Python\Python38\course-u\course-u\course_u\settings.py changed, reloading.
INFO 2023-10-16 19:16:31,425 django.utils.autoreload MainThread 12536 autoreload autoreload.py 668 django.utils.autoreload run_with_reloader 12928 Watching for file changes with StatReloader
INFO 2023-10-16 19:16:42,415 django.server Thread-1 17508 basehttp basehttp.py 212 django.server log_message 12928 "GET / HTTP/1.1" 200 9439
INFO 2023-10-16 19:16:42,559 django.server Thread-1 17508 basehttp basehttp.py 212 django.server log_message 12928 "GET /static/css/landing.css HTTP/1.1" 200 1072
INFO 2023-10-16 19:16:43,761 django.server Thread-1 17508 basehttp basehttp.py 212 django.server log_message 12928 "GET /static/images/landing2.png HTTP/1.1" 200 1935293
WARNING 2023-10-16 19:16:43,875 django.request Thread-2 19044 log log.py 241 django.request log_response 12928 Not Found: /favicon.ico
WARNING 2023-10-16 19:16:43,880 django.server Thread-2 19044 basehttp basehttp.py 212 django.server log_message 12928 "GET /favicon.ico HTTP/1.1" 404 17459
WARNING 2023-10-16 19:16:44,997 django.request Thread-2 19044 log log.py 241 django.request log_response 12928 Not Found: /favicon.ico
WARNING 2023-10-16 19:16:44,997 django.server Thread-2 19044 basehttp basehttp.py 212 django.server log_message 12928 "GET /favicon.ico HTTP/1.1" 404 17458
INFO 2023-10-16 19:17:11,310 django.server Thread-3 21932 basehttp basehttp.py 212 django.server log_message 12928 "GET /login_user/ HTTP/1.1" 302 0
INFO 2023-10-16 19:17:11,513 django.server Thread-3 21932 basehttp basehttp.py 212 django.server log_message 12928 "GET /home HTTP/1.1" 200 31953
WARNING 2023-10-16 19:17:11,601 django.server Thread-3 21932 basehttp basehttp.py 212 django.server log_message 12928 "GET /static/css/test%20.css HTTP/1.1" 404 1800
INFO 2023-10-16 19:17:11,612 django.server Thread-4 20856 basehttp basehttp.py 212 django.server log_message 12928 "GET /static/css/home.css HTTP/1.1" 200 853
INFO 2023-10-16 19:17:11,914 django.server Thread-4 20856 basehttp basehttp.py 212 django.server log_message 12928 "GET /static/images/favicon.png HTTP/1.1" 200 1030
INFO 2023-10-16 19:17:14,661 django.server Thread-5 22292 basehttp basehttp.py 212 django.server log_message 12928 "GET /admin_home/ HTTP/1.1" 200 19234
INFO 2023-10-16 19:17:19,394 django.server Thread-5 22292 basehttp basehttp.py 212 django.server log_message 12928 "GET /admin_home/ HTTP/1.1" 200 19233
INFO 2023-10-16 19:18:19,833 django.server Thread-6 17048 basehttp basehttp.py 212 django.server log_message 12928 "GET /admin_home/ HTTP/1.1" 200 19234
INFO 2023-10-16 19:18:20,184 django.server Thread-6 17048 basehttp basehttp.py 212 django.server log_message 12928 "GET /static/images/favicon.png HTTP/1.1" 304 0
INFO 2023-10-16 19:18:22,238 django.server Thread-6 17048 basehttp basehttp.py 212 django.server log_message 12928 "GET /admin_home/ HTTP/1.1" 200 19234
INFO 2023-10-16 19:18:26,061 django.server Thread-7 10456 basehttp basehttp.py 212 django.server log_message 12928 "GET /admin_home/ HTTP/1.1" 200 19233
INFO 2023-10-16 19:18:31,548 django.server Thread-7 10456 basehttp basehttp.py 212 django.server log_message 12928 "GET /admin_home/ HTTP/1.1" 200 19234
INFO 2023-10-16 19:18:32,196 django.server Thread-7 10456 basehttp basehttp.py 212 django.server log_message 12928 "GET /admin_home/ HTTP/1.1" 200 19233
INFO 2023-10-16 19:18:33,856 django.server Thread-8 15872 basehttp basehttp.py 212 django.server log_message 12928 "GET /admin_home/ HTTP/1.1" 200 19233
INFO 2023-10-16 19:18:36,380 django.server Thread-8 15872 basehttp basehttp.py 212 django.server log_message 12928 "GET /home HTTP/1.1" 200 31951
INFO 2023-10-16 19:18:36,453 django.server Thread-8 15872 basehttp basehttp.py 212 django.server log_message 12928 "GET /static/css/home.css HTTP/1.1" 304 0
WARNING 2023-10-16 19:18:36,492 django.server Thread-9 15324 basehttp basehttp.py 212 django.server log_message 12928 "GET /static/css/test%20.css HTTP/1.1" 404 1800
INFO 2023-10-16 20:04:24,309 django.utils.autoreload MainThread 7720 autoreload autoreload.py 668 django.utils.autoreload run_with_reloader 8308 Watching for file changes with StatReloader
INFO 2023-10-16 20:04:47,771 django.utils.autoreload MainThread 7720 autoreload autoreload.py 266 django.utils.autoreload trigger_reload 8308 C:\Users\aky\AppData\Local\Programs\Python\Python38\course-u\course_u\settings.py changed, reloading.
INFO 2023-10-16 20:04:50,444 django.utils.autoreload MainThread 11032 autoreload autoreload.py 668 django.utils.autoreload run_with_reloader 18848 Watching for file changes with StatReloader
INFO 2023-10-16 20:12:40,470 django.utils.autoreload MainThread 32572 autoreload autoreload.py 668 django.utils.autoreload run_with_reloader 22436 Watching for file changes with StatReloader
INFO 2023-10-16 20:12:57,055 django.utils.autoreload MainThread 32572 autoreload autoreload.py 266 django.utils.autoreload trigger_reload 22436 C:\Users\krstf\course-u\course_u\settings.py changed, reloading.
INFO 2023-10-16 20:12:57,688 django.utils.autoreload MainThread 26476 autoreload autoreload.py 668 django.utils.autoreload run_with_reloader 27624 Watching for file changes with StatReloader
INFO 2023-10-16 20:13:00,986 django.server Thread-1 (process_request_thread) 37060 basehttp basehttp.py 212 django.server log_message 27624 "GET / HTTP/1.1" 200 9437
INFO 2023-10-16 20:13:01,179 django.server Thread-1 (process_request_thread) 37060 basehttp basehttp.py 212 django.server log_message 27624 "GET /static/debug_toolbar/css/toolbar.css HTTP/1.1" 304 0
INFO 2023-10-16 20:13:01,179 django.server Thread-2 (process_request_thread) 18032 basehttp basehttp.py 212 django.server log_message 27624 "GET /static/css/landing.css HTTP/1.1" 304 0
INFO 2023-10-16 20:13:01,180 django.server Thread-4 (process_request_thread) 37520 basehttp basehttp.py 212 django.server log_message 27624 "GET /static/debug_toolbar/css/print.css HTTP/1.1" 304 0
INFO 2023-10-16 20:13:01,180 django.server Thread-3 (process_request_thread) 9200 basehttp basehttp.py 212 django.server log_message 27624 "GET /static/debug_toolbar/js/toolbar.js HTTP/1.1" 304 0
INFO 2023-10-16 20:13:01,195 django.server Thread-3 (process_request_thread) 9200 basehttp basehttp.py 212 django.server log_message 27624 "GET /static/debug_toolbar/js/utils.js HTTP/1.1" 304 0
INFO 2023-10-16 20:13:01,200 django.server Thread-4 (process_request_thread) 37520 basehttp basehttp.py 212 django.server log_message 27624 "GET /static/images/landing2.png HTTP/1.1" 200 1935293
WARNING 2023-10-16 20:13:01,295 django.request Thread-4 (process_request_thread) 37520 log log.py 241 django.request log_response 27624 Not Found: /favicon.ico
WARNING 2023-10-16 20:13:01,296 django.server Thread-4 (process_request_thread) 37520 basehttp basehttp.py 212 django.server log_message 27624 "GET /favicon.ico HTTP/1.1" 404 17458
INFO 2023-10-16 20:13:02,162 django.server Thread-4 (process_request_thread) 37520 basehttp basehttp.py 212 django.server log_message 27624 "GET /login_user/ HTTP/1.1" 302 0
INFO 2023-10-16 20:13:02,240 django.server Thread-4 (process_request_thread) 37520 basehttp basehttp.py 212 django.server log_message 27624 "GET /home HTTP/1.1" 200 31951
INFO 2023-10-16 20:13:02,301 django.server Thread-3 (process_request_thread) 9200 basehttp basehttp.py 212 django.server log_message 27624 "GET /static/css/test.css HTTP/1.1" 304 0
INFO 2023-10-16 20:13:02,301 django.server Thread-1 (process_request_thread) 37060 basehttp basehttp.py 212 django.server log_message 27624 "GET /static/css/home.css HTTP/1.1" 200 853
WARNING 2023-10-16 20:13:02,306 django.server Thread-4 (process_request_thread) 37520 basehttp basehttp.py 212 django.server log_message 27624 "GET /static/css/test%20.css HTTP/1.1" 404 1800
INFO 2023-10-16 20:13:02,353 django.server Thread-1 (process_request_thread) 37060 basehttp basehttp.py 212 django.server log_message 27624 "GET /static/js/specialization_filter.js HTTP/1.1" 304 0
INFO 2023-10-16 20:13:02,360 django.server Thread-1 (process_request_thread) 37060 basehttp basehttp.py 212 django.server log_message 27624 "GET /static/images/logo.png HTTP/1.1" 304 0
INFO 2023-10-16 20:13:02,419 django.server Thread-1 (process_request_thread) 37060 basehttp basehttp.py 212 django.server log_message 27624 "GET /static/images/bgg.png HTTP/1.1" 304 0
INFO 2023-10-16 20:13:02,459 django.server Thread-1 (process_request_thread) 37060 basehttp basehttp.py 212 django.server log_message 27624 "GET /static/images/favicon.png HTTP/1.1" 200 1030
INFO 2023-10-16 20:13:06,526 django.server Thread-1 (process_request_thread) 37060 basehttp basehttp.py 212 django.server log_message 27624 "GET /admin_home/ HTTP/1.1" 200 17365
INFO 2023-10-16 20:13:13,345 django.server Thread-1 (process_request_thread) 37060 basehttp basehttp.py 212 django.server log_message 27624 "GET /admin_home/ HTTP/1.1" 200 17365
INFO 2023-10-16 20:13:15,397 django.server Thread-1 (process_request_thread) 37060 basehttp basehttp.py 212 django.server log_message 27624 "GET /admin_home/ HTTP/1.1" 200 17365
INFO 2023-10-16 20:13:18,824 django.server Thread-1 (process_request_thread) 37060 basehttp basehttp.py 212 django.server log_message 27624 "GET /admin_home/ HTTP/1.1" 200 17365
INFO 2023-10-16 20:13:19,888 django.server Thread-1 (process_request_thread) 37060 basehttp basehttp.py 212 django.server log_message 27624 "GET /admin_home/ HTTP/1.1" 200 17365
INFO 2023-10-16 20:14:03,428 django.server Thread-1 (process_request_thread) 37060 basehttp basehttp.py 212 django.server log_message 27624 "GET /admin/ HTTP/1.1" 200 19290
INFO 2023-10-16 20:14:03,630 django.server Thread-1 (process_request_thread) 37060 basehttp basehttp.py 212 django.server log_message 27624 "GET /static/admin/css/dark_mode.css HTTP/1.1" 200 2929
INFO 2023-10-16 20:14:03,631 django.server Thread-3 (process_request_thread) 9200 basehttp basehttp.py 212 django.server log_message 27624 "GET /static/admin/css/base.css HTTP/1.1" 200 21207
INFO 2023-10-16 20:14:03,631 django.server Thread-2 (process_request_thread) 18032 basehttp basehttp.py 212 django.server log_message 27624 "GET /static/admin/css/nav_sidebar.css HTTP/1.1" 200 2694
INFO 2023-10-16 20:14:03,641 django.server Thread-2 (process_request_thread) 18032 basehttp basehttp.py 212 django.server log_message 27624 "GET /static/admin/css/responsive.css HTTP/1.1" 200 18533
INFO 2023-10-16 20:14:03,647 django.server Thread-1 (process_request_thread) 37060 basehttp basehttp.py 212 django.server log_message 27624 "GET /static/admin/js/nav_sidebar.js HTTP/1.1" 200 3063
INFO 2023-10-16 20:14:03,647 django.server Thread-3 (process_request_thread) 9200 basehttp basehttp.py 212 django.server log_message 27624 "GET /static/admin/js/theme.js HTTP/1.1" 200 1943
INFO 2023-10-16 20:14:12,488 django.server Thread-3 (process_request_thread) 9200 basehttp basehttp.py 212 django.server log_message 27624 "GET /admin/auth/user/ HTTP/1.1" 200 22431
INFO 2023-10-16 20:14:12,583 django.server Thread-3 (process_request_thread) 9200 basehttp basehttp.py 212 django.server log_message 27624 "GET /admin/jsi18n/ HTTP/1.1" 200 3343
INFO 2023-10-16 20:14:18,352 django.server Thread-3 (process_request_thread) 9200 basehttp basehttp.py 212 django.server log_message 27624 "GET /admin/auth/user/add/ HTTP/1.1" 200 21597
INFO 2023-10-16 20:14:18,402 django.server Thread-3 (process_request_thread) 9200 basehttp basehttp.py 212 django.server log_message 27624 "GET /admin/jsi18n/ HTTP/1.1" 200 3343
INFO 2023-10-16 20:14:36,249 django.server Thread-3 (process_request_thread) 9200 basehttp basehttp.py 212 django.server log_message 27624 "POST /admin/auth/user/add/ HTTP/1.1" 200 21775
INFO 2023-10-16 20:14:36,300 django.server Thread-3 (process_request_thread) 9200 basehttp basehttp.py 212 django.server log_message 27624 "GET /admin/jsi18n/ HTTP/1.1" 200 3343
INFO 2023-10-16 20:14:57,971 django.server Thread-3 (process_request_thread) 9200 basehttp basehttp.py 212 django.server log_message 27624 "POST /admin/auth/user/add/ HTTP/1.1" 200 21780
INFO 2023-10-16 20:14:58,023 django.server Thread-3 (process_request_thread) 9200 basehttp basehttp.py 212 django.server log_message 27624 "GET /admin/jsi18n/ HTTP/1.1" 200 3343
INFO 2023-10-16 20:15:15,925 django.server Thread-3 (process_request_thread) 9200 basehttp basehttp.py 212 django.server log_message 27624 "POST /admin/auth/user/add/ HTTP/1.1" 200 21780
INFO 2023-10-16 20:15:15,975 django.server Thread-3 (process_request_thread) 9200 basehttp basehttp.py 212 django.server log_message 27624 "GET /admin/jsi18n/ HTTP/1.1" 200 3343
INFO 2023-10-16 20:15:34,952 django.server Thread-3 (process_request_thread) 9200 basehttp basehttp.py 212 django.server log_message 27624 "POST /admin/auth/user/add/ HTTP/1.1" 302 0
INFO 2023-10-16 20:15:35,095 django.server Thread-3 (process_request_thread) 9200 basehttp basehttp.py 212 django.server log_message 27624 "GET /admin/auth/user/4/change/ HTTP/1.1" 200 33369
INFO 2023-10-16 20:15:35,152 django.server Thread-3 (process_request_thread) 9200 basehttp basehttp.py 212 django.server log_message 27624 "GET /admin/jsi18n/ HTTP/1.1" 200 3343
INFO 2023-10-16 20:15:38,612 django.server Thread-3 (process_request_thread) 9200 basehttp basehttp.py 212 django.server log_message 27624 "GET /admin/auth/user/ HTTP/1.1" 200 22819
INFO 2023-10-16 20:15:38,669 django.server Thread-3 (process_request_thread) 9200 basehttp basehttp.py 212 django.server log_message 27624 "GET /admin/jsi18n/ HTTP/1.1" 200 3343
INFO 2023-10-16 20:15:54,660 django.server Thread-3 (process_request_thread) 9200 basehttp basehttp.py 212 django.server log_message 27624 "POST /admin/logout/ HTTP/1.1" 302 0
INFO 2023-10-16 20:15:54,679 django.server Thread-3 (process_request_thread) 9200 basehttp basehttp.py 212 django.server log_message 27624 "GET /logout/success/ HTTP/1.1" 200 9471
INFO 2023-10-16 20:15:56,148 django.server Thread-3 (process_request_thread) 9200 basehttp basehttp.py 212 django.server log_message 27624 "GET /login_user/ HTTP/1.1" 200 10634
INFO 2023-10-16 20:15:56,173 django.server Thread-3 (process_request_thread) 9200 basehttp basehttp.py 212 django.server log_message 27624 "GET /static/css/login_user.css HTTP/1.1" 200 967
INFO 2023-10-16 20:15:56,245 django.server Thread-3 (process_request_thread) 9200 basehttp basehttp.py 212 django.server log_message 27624 "GET /static/images/favicon.png HTTP/1.1" 304 0
INFO 2023-10-16 20:16:09,424 django.server Thread-3 (process_request_thread) 9200 basehttp basehttp.py 212 django.server log_message 27624 "POST /login_user/ HTTP/1.1" 302 0
INFO 2023-10-16 20:16:09,452 django.server Thread-3 (process_request_thread) 9200 basehttp basehttp.py 212 django.server log_message 27624 "GET /home HTTP/1.1" 200 31926
INFO 2023-10-16 20:16:09,503 django.server Thread-3 (process_request_thread) 9200 basehttp basehttp.py 212 django.server log_message 27624 "GET /static/css/home.css HTTP/1.1" 304 0
WARNING 2023-10-16 20:16:09,508 django.server Thread-1 (process_request_thread) 37060 basehttp basehttp.py 212 django.server log_message 27624 "GET /static/css/test%20.css HTTP/1.1" 404 1800
INFO 2023-10-16 20:16:14,996 django.server Thread-3 (process_request_thread) 9200 basehttp basehttp.py 212 django.server log_message 27624 "GET /test_home/ HTTP/1.1" 200 12227
INFO 2023-10-16 20:16:16,873 django.server Thread-3 (process_request_thread) 9200 basehttp basehttp.py 212 django.server log_message 27624 "GET /profile/ HTTP/1.1" 200 11567
INFO 2023-10-16 20:16:20,613 django.server Thread-3 (process_request_thread) 9200 basehttp basehttp.py 212 django.server log_message 27624 "GET /job_list/ HTTP/1.1" 200 18552
INFO 2023-10-16 20:16:20,650 django.server Thread-3 (process_request_thread) 9200 basehttp basehttp.py 212 django.server log_message 27624 "GET /static/css/job_post.css HTTP/1.1" 304 0
INFO 2023-10-16 20:16:20,652 django.server Thread-2 (process_request_thread) 18032 basehttp basehttp.py 212 django.server log_message 27624 "GET /static/js/job_list.js HTTP/1.1" 304 0
INFO 2023-10-16 20:17:02,798 django.server Thread-2 (process_request_thread) 18032 basehttp basehttp.py 212 django.server log_message 27624 "GET /logout/ HTTP/1.1" 302 0
INFO 2023-10-16 20:17:02,811 django.server Thread-2 (process_request_thread) 18032 basehttp basehttp.py 212 django.server log_message 27624 "GET /logout/success/ HTTP/1.1" 200 9470
INFO 2023-10-16 21:18:28,559 django.utils.autoreload MainThread 33276 autoreload autoreload.py 668 django.utils.autoreload run_with_reloader 38072 Watching for file changes with StatReloader
INFO 2023-10-16 21:18:30,807 django.server Thread-1 (process_request_thread) 24400 basehttp basehttp.py 212 django.server log_message 38072 "GET / HTTP/1.1" 200 9438
INFO 2023-10-16 21:18:31,332 django.server Thread-1 (process_request_thread) 24400 basehttp basehttp.py 212 django.server log_message 38072 "GET /static/images/landing2.png HTTP/1.1" 304 0
INFO 2023-10-16 21:18:33,028 django.server Thread-1 (process_request_thread) 24400 basehttp basehttp.py 212 django.server log_message 38072 "GET /login_user/ HTTP/1.1" 200 10633
INFO 2023-10-16 21:18:33,062 django.server Thread-1 (process_request_thread) 24400 basehttp basehttp.py 212 django.server log_message 38072 "GET /static/css/login_user.css HTTP/1.1" 304 0
INFO 2023-10-16 21:18:33,129 django.server Thread-1 (process_request_thread) 24400 basehttp basehttp.py 212 django.server log_message 38072 "GET /static/images/favicon.png HTTP/1.1" 304 0
INFO 2023-10-16 21:18:44,588 django.server Thread-1 (process_request_thread) 24400 basehttp basehttp.py 212 django.server log_message 38072 "POST /login_user/ HTTP/1.1" 302 0
INFO 2023-10-16 21:18:44,628 django.server Thread-1 (process_request_thread) 24400 basehttp basehttp.py 212 django.server log_message 38072 "GET /home HTTP/1.1" 200 31926
INFO 2023-10-16 21:18:44,667 django.server Thread-1 (process_request_thread) 24400 basehttp basehttp.py 212 django.server log_message 38072 "GET /static/css/home.css HTTP/1.1" 304 0
WARNING 2023-10-16 21:18:44,672 django.server Thread-2 (process_request_thread) 31852 basehttp basehttp.py 212 django.server log_message 38072 "GET /static/css/test%20.css HTTP/1.1" 404 1800
INFO 2023-10-16 21:18:48,101 django.server Thread-1 (process_request_thread) 24400 basehttp basehttp.py 212 django.server log_message 38072 "GET /test_home/ HTTP/1.1" 200 12227
INFO 2023-10-16 21:18:49,357 django.server Thread-1 (process_request_thread) 24400 basehttp basehttp.py 212 django.server log_message 38072 "GET /gradelevel_input/ HTTP/1.1" 200 9715
INFO 2023-10-16 21:18:49,389 django.server Thread-1 (process_request_thread) 24400 basehttp basehttp.py 212 django.server log_message 38072 "GET /static/css/grade_level.css HTTP/1.1" 200 532
INFO 2023-10-16 21:18:50,949 django.server Thread-1 (process_request_thread) 24400 basehttp basehttp.py 212 django.server log_message 38072 "GET /start_test/ HTTP/1.1" 302 0
INFO 2023-10-16 21:18:50,994 django.server Thread-1 (process_request_thread) 24400 basehttp basehttp.py 212 django.server log_message 38072 "GET /question/1/ HTTP/1.1" 200 12800
INFO 2023-10-16 21:18:53,817 django.server Thread-1 (process_request_thread) 24400 basehttp basehttp.py 212 django.server log_message 38072 "GET /next_test/1/ HTTP/1.1" 200 12466
INFO 2023-10-16 21:18:54,960 django.server Thread-1 (process_request_thread) 24400 basehttp basehttp.py 212 django.server log_message 38072 "GET /next_test/2/ HTTP/1.1" 200 12466
INFO 2023-10-16 21:18:55,671 django.server Thread-1 (process_request_thread) 24400 basehttp basehttp.py 212 django.server log_message 38072 "GET /next_test/3/ HTTP/1.1" 200 12466
INFO 2023-10-16 21:18:56,375 django.server Thread-1 (process_request_thread) 24400 basehttp basehttp.py 212 django.server log_message 38072 "GET /next_test/4/ HTTP/1.1" 302 0
INFO 2023-10-16 21:18:56,415 django.server Thread-1 (process_request_thread) 24400 basehttp basehttp.py 212 django.server log_message 38072 "GET /test_overview/ HTTP/1.1" 200 14266
INFO 2023-10-16 21:20:08,331 django.server Thread-1 (process_request_thread) 24400 basehttp basehttp.py 212 django.server log_message 38072 "GET /question/1/ HTTP/1.1" 200 12507
INFO 2023-10-16 21:20:12,714 django.server Thread-1 (process_request_thread) 24400 basehttp basehttp.py 212 django.server log_message 38072 "GET /home HTTP/1.1" 200 31630
WARNING 2023-10-16 21:20:12,748 django.server Thread-1 (process_request_thread) 24400 basehttp basehttp.py 212 django.server log_message 38072 "GET /static/css/test%20.css HTTP/1.1" 404 1800
INFO 2023-10-16 21:20:14,121 django.server Thread-4 (process_request_thread) 8456 basehttp basehttp.py 212 django.server log_message 38072 "GET /test_home/ HTTP/1.1" 200 12227
INFO 2023-10-16 21:20:15,987 django.server Thread-4 (process_request_thread) 8456 basehttp basehttp.py 212 django.server log_message 38072 "GET /view_test_results/ HTTP/1.1" 200 12243
INFO 2023-10-16 21:20:18,125 django.server Thread-4 (process_request_thread) 8456 basehttp basehttp.py 212 django.server log_message 38072 "GET /profile/ HTTP/1.1" 200 11567
INFO 2023-10-16 21:20:20,214 django.server Thread-4 (process_request_thread) 8456 basehttp basehttp.py 212 django.server log_message 38072 "GET /job_list/ HTTP/1.1" 200 18552
